\BOOKMARK [1][-]{section.1}{Basic Notions}{}% 1
\BOOKMARK [1][-]{section.2}{Basis for a Vector Space}{}% 2
\BOOKMARK [1][-]{section.3}{Subspaces}{}% 3
\BOOKMARK [2][-]{subsection.3.1}{Direct Sums}{section.3}% 4
\BOOKMARK [2][-]{subsection.3.2}{Quotient Spaces}{section.3}% 5
\BOOKMARK [1][-]{section.4}{Linear Maps}{}% 6
\BOOKMARK [2][-]{subsection.4.1}{One to One, Onto, Invertibility, and Isomorphisms}{section.4}% 7
\BOOKMARK [2][-]{subsection.4.2}{Fundamental Theorem of Linear Maps}{section.4}% 8
\BOOKMARK [2][-]{subsection.4.3}{The Matrix of a Linear Map and the Coordinate Transform}{section.4}% 9
\BOOKMARK [1][-]{section.5}{Determinants}{}% 10
\BOOKMARK [2][-]{subsection.5.1}{Multilinear and Alternating}{section.5}% 11
\BOOKMARK [2][-]{subsection.5.2}{The Multiplicative Property}{section.5}% 12
\BOOKMARK [2][-]{subsection.5.3}{Invertibility of a Matrix}{section.5}% 13
\BOOKMARK [2][-]{subsection.5.4}{Properties and Facts}{section.5}% 14
\BOOKMARK [1][-]{section.6}{Eigenvalues and Eigenvectors}{}% 15
\BOOKMARK [2][-]{subsection.6.1}{Upper Triangular Matrices}{section.6}% 16
\BOOKMARK [2][-]{subsection.6.2}{Diagonal Matrices}{section.6}% 17
\BOOKMARK [1][-]{section.7}{Inner Products}{}% 18
\BOOKMARK [2][-]{subsection.7.1}{Geometry}{section.7}% 19
\BOOKMARK [2][-]{subsection.7.2}{Orthogonal Projections}{section.7}% 20
