\BOOKMARK [1][-]{section.1}{Introduction}{}% 1
\BOOKMARK [1][-]{section.2}{LaTeX as a Word Processor}{}% 2
\BOOKMARK [2][-]{subsection.2.1}{Overview of a TeX Document}{section.2}% 3
\BOOKMARK [2][-]{subsection.2.2}{Typical Formatting Options}{section.2}% 4
\BOOKMARK [2][-]{subsection.2.3}{Creating a Title Page}{section.2}% 5
\BOOKMARK [2][-]{subsection.2.4}{Sectioning and Organization}{section.2}% 6
\BOOKMARK [2][-]{subsection.2.5}{Paragraphing}{section.2}% 7
\BOOKMARK [2][-]{subsection.2.6}{Usual Word Processing Functions}{section.2}% 8
\BOOKMARK [1][-]{section.3}{Lists, Tables, and Bibliographies}{}% 9
\BOOKMARK [2][-]{subsection.3.1}{The Itemize and Enumerate Environments}{section.3}% 10
\BOOKMARK [2][-]{subsection.3.2}{Tabular Environments}{section.3}% 11
\BOOKMARK [2][-]{subsection.3.3}{Bibliographies}{section.3}% 12
\BOOKMARK [2][-]{subsection.3.4}{Presenting Verbatim Code}{section.3}% 13
\BOOKMARK [1][-]{section.4}{Basic Math Typesetting}{}% 14
\BOOKMARK [2][-]{subsection.4.1}{Relevant Packages}{section.4}% 15
\BOOKMARK [2][-]{subsection.4.2}{Basics of Math Mode}{section.4}% 16
\BOOKMARK [2][-]{subsection.4.3}{Relevant Environments}{section.4}% 17
\BOOKMARK [2][-]{subsection.4.4}{Typical Functions in Math Mode}{section.4}% 18
\BOOKMARK [1][-]{section.5}{Advanced Typesetting in Math Mode}{}% 19
\BOOKMARK [2][-]{subsection.5.1}{Types of Math Fonts}{section.5}% 20
\BOOKMARK [2][-]{subsection.5.2}{Matrices}{section.5}% 21
\BOOKMARK [2][-]{subsection.5.3}{Piecewise Functions}{section.5}% 22
\BOOKMARK [2][-]{subsection.5.4}{Typical Mathematical Shorthand and Special Symbols}{section.5}% 23
\BOOKMARK [2][-]{subsection.5.5}{Special Arrows and Over- or Under-braces}{section.5}% 24
\BOOKMARK [2][-]{subsection.5.6}{The stackrel Command}{section.5}% 25
\BOOKMARK [1][-]{section.6}{Final Words}{}% 26
\BOOKMARK [2][-]{subsection.6.1}{Recommended Resources}{section.6}% 27
\BOOKMARK [2][-]{subsection.6.2}{Troubleshooting Tips}{section.6}% 28
